<?xml version="1.0" encoding="UTF-8"?>
<testng-results ignored="0" total="2" passed="2" failed="0" skipped="0">
  <reporter-output>
  </reporter-output>
  <suite started-at="2026-02-07T00:26:40 IST" name="TestMu Suite" finished-at="2026-02-07T00:27:23 IST" duration-ms="42948">
    <groups>
    </groups>
    <test started-at="2026-02-07T00:26:40 IST" name="Chrome Windows Test" finished-at="2026-02-07T00:27:04 IST" duration-ms="23920">
      <class name="tests.ChromeWindowsTest">
        <test-method is-config="true" signature="setUp(java.lang.String,java.lang.String,java.lang.String,java.lang.String)[pri:0, instance:tests.ChromeWindowsTest@7eac9008]" started-at="2026-02-07T00:26:40 IST" name="setUp" finished-at="2026-02-07T00:26:50 IST" duration-ms="9436" status="PASS">
          <params>
            <param index="0">
              <value>
                <![CDATA[Chrome]]>
              </value>
            </param>
            <param index="1">
              <value>
                <![CDATA[128.0]]>
              </value>
            </param>
            <param index="2">
              <value>
                <![CDATA[Windows 10]]>
              </value>
            </param>
            <param index="3">
              <value>
                <![CDATA[https://www.lambdatest.com/selenium-playground/]]>
              </value>
            </param>
          </params>
          <reporter-output>
          </reporter-output>
        </test-method> <!-- setUp -->
        <test-method signature="testScenarioChromeWindows()[pri:0, instance:tests.ChromeWindowsTest@7eac9008]" started-at="2026-02-07T00:26:50 IST" name="testScenarioChromeWindows" finished-at="2026-02-07T00:27:04 IST" duration-ms="14335" status="PASS">
          <reporter-output>
          </reporter-output>
        </test-method> <!-- testScenarioChromeWindows -->
        <test-method is-config="true" signature="tearDown()[pri:0, instance:tests.ChromeWindowsTest@7eac9008]" started-at="2026-02-07T00:27:04 IST" name="tearDown" finished-at="2026-02-07T00:27:04 IST" duration-ms="57" status="PASS">
          <reporter-output>
          </reporter-output>
        </test-method> <!-- tearDown -->
      </class> <!-- tests.ChromeWindowsTest -->
    </test> <!-- Chrome Windows Test -->
    <test started-at="2026-02-07T00:27:04 IST" name="EdgeMacOSTest" finished-at="2026-02-07T00:27:23 IST" duration-ms="18917">
      <class name="tests.EdgeMacTest">
        <test-method is-config="true" signature="setUp(java.lang.String,java.lang.String,java.lang.String,java.lang.String)[pri:0, instance:tests.EdgeMacTest@38102d01]" started-at="2026-02-07T00:27:04 IST" name="setUp" finished-at="2026-02-07T00:27:14 IST" duration-ms="9358" status="PASS">
          <params>
            <param index="0">
              <value>
                <![CDATA[MicrosoftEdge]]>
              </value>
            </param>
            <param index="1">
              <value>
                <![CDATA[127.0]]>
              </value>
            </param>
            <param index="2">
              <value>
                <![CDATA[macOS Ventura]]>
              </value>
            </param>
            <param index="3">
              <value>
                <![CDATA[https://www.lambdatest.com/selenium-playground/]]>
              </value>
            </param>
          </params>
          <reporter-output>
          </reporter-output>
        </test-method> <!-- setUp -->
        <test-method signature="testScenarioChromeWindows()[pri:0, instance:tests.EdgeMacTest@38102d01]" started-at="2026-02-07T00:27:14 IST" name="testScenarioChromeWindows" finished-at="2026-02-07T00:27:23 IST" duration-ms="9516" status="PASS">
          <reporter-output>
          </reporter-output>
        </test-method> <!-- testScenarioChromeWindows -->
        <test-method is-config="true" signature="tearDown()[pri:0, instance:tests.EdgeMacTest@38102d01]" started-at="2026-02-07T00:27:23 IST" name="tearDown" finished-at="2026-02-07T00:27:23 IST" duration-ms="36" status="PASS">
          <reporter-output>
          </reporter-output>
        </test-method> <!-- tearDown -->
      </class> <!-- tests.EdgeMacTest -->
    </test> <!-- EdgeMacOSTest -->
  </suite> <!-- TestMu Suite -->
</testng-results>
